[2022-10-23T23:33:35.003+0000] {manager.py:483} INFO - Processing files using up to 2 processes at a time 
[2022-10-23T23:33:35.013+0000] {manager.py:484} INFO - Process each file at most once every 30 seconds
[2022-10-23T23:33:35.013+0000] {manager.py:486} INFO - Checking for new files in /opt/airflow/dags every 300 seconds
[2022-10-23T23:33:35.014+0000] {manager.py:724} INFO - Searching for files in /opt/airflow/dags
[2022-10-23T23:33:35.290+0000] {manager.py:727} INFO - There are 1 files in /opt/airflow/dags
[2022-10-23T23:33:35.437+0000] {manager.py:846} INFO - 
================================================================================
DAG File Processing Stats

File Path                                           PID  Runtime      # DAGs    # Errors  Last Runtime    Last Run
------------------------------------------------  -----  ---------  --------  ----------  --------------  ----------
/opt/airflow/dags/custom_dags/finance/Finance.py     27  0.03s             0           0
================================================================================
[2022-10-23T23:34:05.744+0000] {manager.py:846} INFO - 
================================================================================
DAG File Processing Stats

File Path                                           PID  Runtime      # DAGs    # Errors  Last Runtime    Last Run
------------------------------------------------  -----  ---------  --------  ----------  --------------  -------------------
/opt/airflow/dags/custom_dags/finance/Finance.py     54  0.00s             0           1  0.22s           2022-10-23T23:33:35
================================================================================
[2022-10-23T23:34:36.035+0000] {manager.py:846} INFO - 
================================================================================
DAG File Processing Stats

File Path                                           PID  Runtime      # DAGs    # Errors  Last Runtime    Last Run
------------------------------------------------  -----  ---------  --------  ----------  --------------  -------------------
/opt/airflow/dags/custom_dags/finance/Finance.py     73  0.00s             0           1  0.15s           2022-10-23T23:34:05
================================================================================
[2022-10-23T23:35:06.533+0000] {manager.py:846} INFO - 
================================================================================
DAG File Processing Stats

File Path                                           PID  Runtime      # DAGs    # Errors  Last Runtime    Last Run
------------------------------------------------  -----  ---------  --------  ----------  --------------  -------------------
/opt/airflow/dags/custom_dags/finance/Finance.py    101  0.00s             0           1  0.15s           2022-10-23T23:34:36
================================================================================
[2022-10-23T23:35:36.923+0000] {manager.py:846} INFO - 
================================================================================
DAG File Processing Stats

File Path                                           PID  Runtime      # DAGs    # Errors  Last Runtime    Last Run
------------------------------------------------  -----  ---------  --------  ----------  --------------  -------------------
/opt/airflow/dags/custom_dags/finance/Finance.py    129  0.00s             0           1  0.15s           2022-10-23T23:35:06
================================================================================
[2022-10-23T23:37:18.329+0000] {manager.py:483} INFO - Processing files using up to 2 processes at a time 
[2022-10-23T23:37:18.330+0000] {manager.py:484} INFO - Process each file at most once every 30 seconds
[2022-10-23T23:37:18.330+0000] {manager.py:486} INFO - Checking for new files in /opt/airflow/dags every 300 seconds
[2022-10-23T23:37:18.331+0000] {manager.py:724} INFO - Searching for files in /opt/airflow/dags
[2022-10-23T23:37:18.652+0000] {manager.py:727} INFO - There are 1 files in /opt/airflow/dags
[2022-10-23T23:37:18.859+0000] {manager.py:846} INFO - 
================================================================================
DAG File Processing Stats

File Path                                           PID  Runtime      # DAGs    # Errors  Last Runtime    Last Run
------------------------------------------------  -----  ---------  --------  ----------  --------------  ----------
/opt/airflow/dags/custom_dags/finance/Finance.py     36  0.07s             0           0
================================================================================
[2022-10-23T23:37:49.156+0000] {manager.py:846} INFO - 
================================================================================
DAG File Processing Stats

File Path                                           PID  Runtime      # DAGs    # Errors  Last Runtime    Last Run
------------------------------------------------  -----  ---------  --------  ----------  --------------  -------------------
/opt/airflow/dags/custom_dags/finance/Finance.py     55  0.00s             0           1  0.27s           2022-10-23T23:37:19
================================================================================
[2022-10-23T23:38:19.608+0000] {manager.py:846} INFO - 
================================================================================
DAG File Processing Stats

File Path                                           PID  Runtime      # DAGs    # Errors  Last Runtime    Last Run
------------------------------------------------  -----  ---------  --------  ----------  --------------  -------------------
/opt/airflow/dags/custom_dags/finance/Finance.py     84  0.00s             0           1  0.18s           2022-10-23T23:37:49
================================================================================
[2022-10-23T23:38:49.936+0000] {manager.py:846} INFO - 
================================================================================
DAG File Processing Stats

File Path                                           PID  Runtime      # DAGs    # Errors  Last Runtime    Last Run
------------------------------------------------  -----  ---------  --------  ----------  --------------  -------------------
/opt/airflow/dags/custom_dags/finance/Finance.py    102  0.01s             0           1  0.14s           2022-10-23T23:38:19
================================================================================
[2022-10-23T23:39:20.291+0000] {manager.py:846} INFO - 
================================================================================
DAG File Processing Stats

File Path                                           PID  Runtime      # DAGs    # Errors  Last Runtime    Last Run
------------------------------------------------  -----  ---------  --------  ----------  --------------  -------------------
/opt/airflow/dags/custom_dags/finance/Finance.py    129  0.00s             0           1  0.17s           2022-10-23T23:38:50
================================================================================
[2022-10-23T23:39:50.658+0000] {manager.py:846} INFO - 
================================================================================
DAG File Processing Stats

File Path                                           PID  Runtime      # DAGs    # Errors  Last Runtime    Last Run
------------------------------------------------  -----  ---------  --------  ----------  --------------  -------------------
/opt/airflow/dags/custom_dags/finance/Finance.py    157  0.00s             0           1  0.16s           2022-10-23T23:39:20
================================================================================
[2022-10-23T23:40:21.090+0000] {manager.py:846} INFO - 
================================================================================
DAG File Processing Stats

File Path                                           PID  Runtime      # DAGs    # Errors  Last Runtime    Last Run
------------------------------------------------  -----  ---------  --------  ----------  --------------  -------------------
/opt/airflow/dags/custom_dags/finance/Finance.py    177  0.00s             0           1  0.24s           2022-10-23T23:39:50
================================================================================
[2022-10-23T23:40:51.538+0000] {manager.py:846} INFO - 
================================================================================
DAG File Processing Stats

File Path                                           PID  Runtime      # DAGs    # Errors  Last Runtime    Last Run
------------------------------------------------  -----  ---------  --------  ----------  --------------  -------------------
/opt/airflow/dags/custom_dags/finance/Finance.py    205  0.00s             0           1  0.16s           2022-10-23T23:40:21
================================================================================
[2022-10-23T23:41:21.816+0000] {manager.py:846} INFO - 
================================================================================
DAG File Processing Stats

File Path                                           PID  Runtime      # DAGs    # Errors  Last Runtime    Last Run
------------------------------------------------  -----  ---------  --------  ----------  --------------  -------------------
/opt/airflow/dags/custom_dags/finance/Finance.py    233  0.00s             0           1  0.15s           2022-10-23T23:40:51
================================================================================
[2022-10-23T23:41:52.269+0000] {manager.py:846} INFO - 
================================================================================
DAG File Processing Stats

File Path                                           PID  Runtime      # DAGs    # Errors  Last Runtime    Last Run
------------------------------------------------  -----  ---------  --------  ----------  --------------  -------------------
/opt/airflow/dags/custom_dags/finance/Finance.py    252  0.00s             0           1  0.15s           2022-10-23T23:41:21
================================================================================
[2022-10-23T23:42:18.570+0000] {manager.py:724} INFO - Searching for files in /opt/airflow/dags
[2022-10-23T23:42:18.945+0000] {manager.py:727} INFO - There are 1 files in /opt/airflow/dags
[2022-10-23T23:42:22.994+0000] {manager.py:846} INFO - 
================================================================================
DAG File Processing Stats

File Path                                           PID  Runtime      # DAGs    # Errors  Last Runtime    Last Run
------------------------------------------------  -----  ---------  --------  ----------  --------------  -------------------
/opt/airflow/dags/custom_dags/finance/Finance.py    280  0.00s             0           1  0.17s           2022-10-23T23:41:52
================================================================================
[2022-10-23T23:42:53.276+0000] {manager.py:846} INFO - 
================================================================================
DAG File Processing Stats

File Path                                           PID  Runtime      # DAGs    # Errors  Last Runtime    Last Run
------------------------------------------------  -----  ---------  --------  ----------  --------------  -------------------
/opt/airflow/dags/custom_dags/finance/Finance.py    307  0.00s             0           1  0.20s           2022-10-23T23:42:23
================================================================================
[2022-10-23T23:43:23.848+0000] {manager.py:846} INFO - 
================================================================================
DAG File Processing Stats

File Path                                           PID  Runtime      # DAGs    # Errors  Last Runtime    Last Run
------------------------------------------------  -----  ---------  --------  ----------  --------------  -------------------
/opt/airflow/dags/custom_dags/finance/Finance.py    326  0.00s             0           1  0.27s           2022-10-23T23:42:53
================================================================================
[2022-10-23T23:43:54.245+0000] {manager.py:846} INFO - 
================================================================================
DAG File Processing Stats

File Path                                           PID  Runtime      # DAGs    # Errors  Last Runtime    Last Run
------------------------------------------------  -----  ---------  --------  ----------  --------------  -------------------
/opt/airflow/dags/custom_dags/finance/Finance.py    356  0.01s             0           1  0.16s           2022-10-23T23:43:24
================================================================================
[2022-10-23T23:44:24.614+0000] {manager.py:846} INFO - 
================================================================================
DAG File Processing Stats

File Path                                           PID  Runtime      # DAGs    # Errors  Last Runtime    Last Run
------------------------------------------------  -----  ---------  --------  ----------  --------------  -------------------
/opt/airflow/dags/custom_dags/finance/Finance.py    384  0.00s             0           1  0.15s           2022-10-23T23:43:54
================================================================================
[2022-10-23T23:44:55.107+0000] {manager.py:846} INFO - 
================================================================================
DAG File Processing Stats

File Path                                           PID  Runtime      # DAGs    # Errors  Last Runtime    Last Run
------------------------------------------------  -----  ---------  --------  ----------  --------------  -------------------
/opt/airflow/dags/custom_dags/finance/Finance.py    403  0.00s             0           1  0.15s           2022-10-23T23:44:24
================================================================================
[2022-10-23T23:45:25.408+0000] {manager.py:846} INFO - 
================================================================================
DAG File Processing Stats

File Path                                           PID  Runtime      # DAGs    # Errors  Last Runtime    Last Run
------------------------------------------------  -----  ---------  --------  ----------  --------------  -------------------
/opt/airflow/dags/custom_dags/finance/Finance.py    430  0.00s             0           1  0.18s           2022-10-23T23:44:55
================================================================================
[2022-10-23T23:45:55.714+0000] {manager.py:846} INFO - 
================================================================================
DAG File Processing Stats

File Path                                           PID  Runtime      # DAGs    # Errors  Last Runtime    Last Run
------------------------------------------------  -----  ---------  --------  ----------  --------------  -------------------
/opt/airflow/dags/custom_dags/finance/Finance.py    459  0.00s             0           1  0.15s           2022-10-23T23:45:25
================================================================================
[2022-10-23T23:46:26.112+0000] {manager.py:846} INFO - 
================================================================================
DAG File Processing Stats

File Path                                           PID  Runtime      # DAGs    # Errors  Last Runtime    Last Run
------------------------------------------------  -----  ---------  --------  ----------  --------------  -------------------
/opt/airflow/dags/custom_dags/finance/Finance.py    478  0.00s             0           1  0.17s           2022-10-23T23:45:55
================================================================================
[2022-10-23T23:46:56.434+0000] {manager.py:846} INFO - 
================================================================================
DAG File Processing Stats

File Path                                           PID  Runtime      # DAGs    # Errors  Last Runtime    Last Run
------------------------------------------------  -----  ---------  --------  ----------  --------------  -------------------
/opt/airflow/dags/custom_dags/finance/Finance.py    506  0.01s             0           1  0.26s           2022-10-23T23:46:26
================================================================================
[2022-10-23T23:47:18.608+0000] {manager.py:724} INFO - Searching for files in /opt/airflow/dags
[2022-10-23T23:47:18.958+0000] {manager.py:727} INFO - There are 1 files in /opt/airflow/dags
[2022-10-23T23:47:27.064+0000] {manager.py:846} INFO - 
================================================================================
DAG File Processing Stats

File Path                                           PID  Runtime      # DAGs    # Errors  Last Runtime    Last Run
------------------------------------------------  -----  ---------  --------  ----------  --------------  -------------------
/opt/airflow/dags/custom_dags/finance/Finance.py    526  0.00s             0           1  0.15s           2022-10-23T23:46:56
================================================================================
[2022-10-23T23:47:57.361+0000] {manager.py:846} INFO - 
================================================================================
DAG File Processing Stats

File Path                                           PID  Runtime      # DAGs    # Errors  Last Runtime    Last Run
------------------------------------------------  -----  ---------  --------  ----------  --------------  -------------------
/opt/airflow/dags/custom_dags/finance/Finance.py    555  0.00s             0           1  0.20s           2022-10-23T23:47:27
================================================================================
[2022-10-23T23:48:59.255+0000] {manager.py:483} INFO - Processing files using up to 2 processes at a time 
[2022-10-23T23:48:59.257+0000] {manager.py:484} INFO - Process each file at most once every 30 seconds
[2022-10-23T23:48:59.257+0000] {manager.py:486} INFO - Checking for new files in /opt/airflow/dags every 300 seconds
[2022-10-23T23:48:59.258+0000] {manager.py:724} INFO - Searching for files in /opt/airflow/dags
[2022-10-23T23:48:59.691+0000] {manager.py:727} INFO - There are 1 files in /opt/airflow/dags
[2022-10-23T23:48:59.840+0000] {manager.py:846} INFO - 
================================================================================
DAG File Processing Stats

File Path                                           PID  Runtime      # DAGs    # Errors  Last Runtime    Last Run
------------------------------------------------  -----  ---------  --------  ----------  --------------  ----------
/opt/airflow/dags/custom_dags/finance/Finance.py     27  0.02s             0           0
================================================================================
[2022-10-23T23:49:30.121+0000] {manager.py:846} INFO - 
================================================================================
DAG File Processing Stats

File Path                                           PID  Runtime      # DAGs    # Errors  Last Runtime    Last Run
------------------------------------------------  -----  ---------  --------  ----------  --------------  -------------------
/opt/airflow/dags/custom_dags/finance/Finance.py     54  0.00s             0           1  0.21s           2022-10-23T23:49:00
================================================================================
[2022-10-23T23:50:00.444+0000] {manager.py:846} INFO - 
================================================================================
DAG File Processing Stats

File Path                                           PID  Runtime      # DAGs    # Errors  Last Runtime    Last Run
------------------------------------------------  -----  ---------  --------  ----------  --------------  -------------------
/opt/airflow/dags/custom_dags/finance/Finance.py     73  0.00s             0           1  0.16s           2022-10-23T23:49:30
================================================================================
[2022-10-23T23:50:30.756+0000] {manager.py:846} INFO - 
================================================================================
DAG File Processing Stats

File Path                                           PID  Runtime      # DAGs    # Errors  Last Runtime    Last Run
------------------------------------------------  -----  ---------  --------  ----------  --------------  -------------------
/opt/airflow/dags/custom_dags/finance/Finance.py    101  0.00s             0           1  0.17s           2022-10-23T23:50:00
================================================================================
[2022-10-23T23:51:01.266+0000] {manager.py:846} INFO - 
================================================================================
DAG File Processing Stats

File Path                                           PID  Runtime      # DAGs    # Errors  Last Runtime    Last Run
------------------------------------------------  -----  ---------  --------  ----------  --------------  -------------------
/opt/airflow/dags/custom_dags/finance/Finance.py    129  0.00s             0           1  0.16s           2022-10-23T23:50:30
================================================================================
[2022-10-23T23:51:31.622+0000] {manager.py:846} INFO - 
================================================================================
DAG File Processing Stats

File Path                                           PID  Runtime      # DAGs    # Errors  Last Runtime    Last Run
------------------------------------------------  -----  ---------  --------  ----------  --------------  -------------------
/opt/airflow/dags/custom_dags/finance/Finance.py    148  0.00s             0           1  0.15s           2022-10-23T23:51:01
================================================================================
[2022-10-23T23:52:02.032+0000] {manager.py:846} INFO - 
================================================================================
DAG File Processing Stats

File Path                                           PID  Runtime      # DAGs    # Errors  Last Runtime    Last Run
------------------------------------------------  -----  ---------  --------  ----------  --------------  -------------------
/opt/airflow/dags/custom_dags/finance/Finance.py    177  0.00s             0           1  0.17s           2022-10-23T23:51:31
================================================================================
[2022-10-23T23:52:32.335+0000] {manager.py:846} INFO - 
================================================================================
DAG File Processing Stats

File Path                                           PID  Runtime      # DAGs    # Errors  Last Runtime    Last Run
------------------------------------------------  -----  ---------  --------  ----------  --------------  -------------------
/opt/airflow/dags/custom_dags/finance/Finance.py    205  0.00s             0           1  0.15s           2022-10-23T23:52:02
================================================================================
[2022-10-23T23:53:02.755+0000] {manager.py:846} INFO - 
================================================================================
DAG File Processing Stats

File Path                                           PID  Runtime      # DAGs    # Errors  Last Runtime    Last Run
------------------------------------------------  -----  ---------  --------  ----------  --------------  -------------------
/opt/airflow/dags/custom_dags/finance/Finance.py    225  0.00s             0           1  0.16s           2022-10-23T23:52:32
================================================================================
[2022-10-23T23:53:33.097+0000] {manager.py:846} INFO - 
================================================================================
DAG File Processing Stats

File Path                                           PID  Runtime      # DAGs    # Errors  Last Runtime    Last Run
------------------------------------------------  -----  ---------  --------  ----------  --------------  -------------------
/opt/airflow/dags/custom_dags/finance/Finance.py    253  0.00s             0           1  0.15s           2022-10-23T23:53:02
================================================================================
[2022-10-23T23:53:59.461+0000] {manager.py:724} INFO - Searching for files in /opt/airflow/dags
[2022-10-23T23:53:59.853+0000] {manager.py:727} INFO - There are 1 files in /opt/airflow/dags
[2022-10-23T23:54:03.905+0000] {manager.py:846} INFO - 
================================================================================
DAG File Processing Stats

File Path                                           PID  Runtime      # DAGs    # Errors  Last Runtime    Last Run
------------------------------------------------  -----  ---------  --------  ----------  --------------  -------------------
/opt/airflow/dags/custom_dags/finance/Finance.py    281  0.00s             0           1  0.17s           2022-10-23T23:53:33
================================================================================
[2022-10-24T00:06:37.583+0000] {manager.py:483} INFO - Processing files using up to 2 processes at a time 
[2022-10-24T00:06:37.590+0000] {manager.py:484} INFO - Process each file at most once every 30 seconds
[2022-10-24T00:06:37.590+0000] {manager.py:486} INFO - Checking for new files in /opt/airflow/dags every 300 seconds
[2022-10-24T00:06:37.591+0000] {manager.py:724} INFO - Searching for files in /opt/airflow/dags
[2022-10-24T00:06:38.163+0000] {manager.py:727} INFO - There are 1 files in /opt/airflow/dags
[2022-10-24T00:06:38.366+0000] {manager.py:846} INFO - 
================================================================================
DAG File Processing Stats

File Path                                           PID  Runtime      # DAGs    # Errors  Last Runtime    Last Run
------------------------------------------------  -----  ---------  --------  ----------  --------------  ----------
/opt/airflow/dags/custom_dags/finance/Finance.py     26  0.04s             0           0
================================================================================
[2022-10-24T00:07:08.743+0000] {manager.py:846} INFO - 
================================================================================
DAG File Processing Stats

File Path                                           PID  Runtime      # DAGs    # Errors  Last Runtime    Last Run
------------------------------------------------  -----  ---------  --------  ----------  --------------  -------------------
/opt/airflow/dags/custom_dags/finance/Finance.py     27  0.00s             0           1  0.24s           2022-10-24T00:06:38
================================================================================
[2022-10-24T00:07:39.070+0000] {manager.py:846} INFO - 
================================================================================
DAG File Processing Stats

File Path                                           PID  Runtime      # DAGs    # Errors  Last Runtime    Last Run
------------------------------------------------  -----  ---------  --------  ----------  --------------  -------------------
/opt/airflow/dags/custom_dags/finance/Finance.py     28  0.00s             0           1  0.20s           2022-10-24T00:07:08
================================================================================
[2022-10-24T00:08:09.480+0000] {manager.py:846} INFO - 
================================================================================
DAG File Processing Stats

File Path                                           PID  Runtime      # DAGs    # Errors  Last Runtime    Last Run
------------------------------------------------  -----  ---------  --------  ----------  --------------  -------------------
/opt/airflow/dags/custom_dags/finance/Finance.py     29  0.00s             0           1  0.16s           2022-10-24T00:07:39
================================================================================
[2022-10-24T00:08:40.022+0000] {manager.py:846} INFO - 
================================================================================
DAG File Processing Stats

File Path                                           PID  Runtime      # DAGs    # Errors  Last Runtime    Last Run
------------------------------------------------  -----  ---------  --------  ----------  --------------  -------------------
/opt/airflow/dags/custom_dags/finance/Finance.py     30  0.00s             0           1  0.16s           2022-10-24T00:08:09
================================================================================
[2022-10-24T00:09:10.443+0000] {manager.py:846} INFO - 
================================================================================
DAG File Processing Stats

File Path                                           PID  Runtime      # DAGs    # Errors  Last Runtime    Last Run
------------------------------------------------  -----  ---------  --------  ----------  --------------  -------------------
/opt/airflow/dags/custom_dags/finance/Finance.py     31  0.00s             0           1  0.18s           2022-10-24T00:08:40
================================================================================
[2022-10-24T00:09:40.976+0000] {manager.py:846} INFO - 
================================================================================
DAG File Processing Stats

File Path                                           PID  Runtime      # DAGs    # Errors  Last Runtime    Last Run
------------------------------------------------  -----  ---------  --------  ----------  --------------  -------------------
/opt/airflow/dags/custom_dags/finance/Finance.py     32  0.00s             0           1  0.15s           2022-10-24T00:09:10
================================================================================
[2022-10-24T00:10:11.374+0000] {manager.py:846} INFO - 
================================================================================
DAG File Processing Stats

File Path                                           PID  Runtime      # DAGs    # Errors  Last Runtime    Last Run
------------------------------------------------  -----  ---------  --------  ----------  --------------  -------------------
/opt/airflow/dags/custom_dags/finance/Finance.py     33  0.00s             0           1  0.15s           2022-10-24T00:09:41
================================================================================
[2022-10-24T00:10:41.859+0000] {manager.py:846} INFO - 
================================================================================
DAG File Processing Stats

File Path                                           PID  Runtime      # DAGs    # Errors  Last Runtime    Last Run
------------------------------------------------  -----  ---------  --------  ----------  --------------  -------------------
/opt/airflow/dags/custom_dags/finance/Finance.py     34  0.00s             0           1  0.16s           2022-10-24T00:10:11
================================================================================
[2022-10-24T00:11:12.108+0000] {manager.py:846} INFO - 
================================================================================
DAG File Processing Stats

File Path                                           PID  Runtime      # DAGs    # Errors  Last Runtime    Last Run
------------------------------------------------  -----  ---------  --------  ----------  --------------  -------------------
/opt/airflow/dags/custom_dags/finance/Finance.py     35  0.00s             0           1  0.17s           2022-10-24T00:10:42
================================================================================
[2022-10-24T00:11:38.447+0000] {manager.py:724} INFO - Searching for files in /opt/airflow/dags
[2022-10-24T00:11:38.767+0000] {manager.py:727} INFO - There are 1 files in /opt/airflow/dags
[2022-10-24T00:11:42.818+0000] {manager.py:846} INFO - 
================================================================================
DAG File Processing Stats

File Path                                           PID  Runtime      # DAGs    # Errors  Last Runtime    Last Run
------------------------------------------------  -----  ---------  --------  ----------  --------------  -------------------
/opt/airflow/dags/custom_dags/finance/Finance.py     36  0.00s             0           1  0.15s           2022-10-24T00:11:12
================================================================================
[2022-10-24T00:12:13.074+0000] {manager.py:846} INFO - 
================================================================================
DAG File Processing Stats

File Path                                           PID  Runtime      # DAGs    # Errors  Last Runtime    Last Run
------------------------------------------------  -----  ---------  --------  ----------  --------------  -------------------
/opt/airflow/dags/custom_dags/finance/Finance.py     37  0.00s             0           1  0.17s           2022-10-24T00:11:42
================================================================================
[2022-10-24T00:12:43.454+0000] {manager.py:846} INFO - 
================================================================================
DAG File Processing Stats

File Path                                           PID  Runtime      # DAGs    # Errors  Last Runtime    Last Run
------------------------------------------------  -----  ---------  --------  ----------  --------------  -------------------
/opt/airflow/dags/custom_dags/finance/Finance.py     38  0.00s             0           1  0.17s           2022-10-24T00:12:13
================================================================================
[2022-10-24T00:13:13.705+0000] {manager.py:846} INFO - 
================================================================================
DAG File Processing Stats

File Path                                           PID  Runtime      # DAGs    # Errors  Last Runtime    Last Run
------------------------------------------------  -----  ---------  --------  ----------  --------------  -------------------
/opt/airflow/dags/custom_dags/finance/Finance.py     39  0.00s             0           1  0.16s           2022-10-24T00:12:43
================================================================================
[2022-10-24T00:13:44.075+0000] {manager.py:846} INFO - 
================================================================================
DAG File Processing Stats

File Path                                           PID  Runtime      # DAGs    # Errors  Last Runtime    Last Run
------------------------------------------------  -----  ---------  --------  ----------  --------------  -------------------
/opt/airflow/dags/custom_dags/finance/Finance.py     40  0.00s             0           1  0.18s           2022-10-24T00:13:13
================================================================================
[2022-10-24T00:14:14.335+0000] {manager.py:846} INFO - 
================================================================================
DAG File Processing Stats

File Path                                           PID  Runtime      # DAGs    # Errors  Last Runtime    Last Run
------------------------------------------------  -----  ---------  --------  ----------  --------------  -------------------
/opt/airflow/dags/custom_dags/finance/Finance.py     41  0.00s             0           1  0.17s           2022-10-24T00:13:44
================================================================================
[2022-10-24T00:14:44.751+0000] {manager.py:846} INFO - 
================================================================================
DAG File Processing Stats

File Path                                           PID  Runtime      # DAGs    # Errors  Last Runtime    Last Run
------------------------------------------------  -----  ---------  --------  ----------  --------------  -------------------
/opt/airflow/dags/custom_dags/finance/Finance.py     42  0.01s             0           1  0.17s           2022-10-24T00:14:14
================================================================================
[2022-10-24T00:15:15.268+0000] {manager.py:846} INFO - 
================================================================================
DAG File Processing Stats

File Path                                           PID  Runtime      # DAGs    # Errors  Last Runtime    Last Run
------------------------------------------------  -----  ---------  --------  ----------  --------------  -------------------
/opt/airflow/dags/custom_dags/finance/Finance.py     43  0.01s             0           1  0.18s           2022-10-24T00:14:44
================================================================================
[2022-10-24T00:15:45.860+0000] {manager.py:846} INFO - 
================================================================================
DAG File Processing Stats

File Path                                           PID  Runtime      # DAGs    # Errors  Last Runtime    Last Run
------------------------------------------------  -----  ---------  --------  ----------  --------------  -------------------
/opt/airflow/dags/custom_dags/finance/Finance.py     44  0.00s             0           1  0.17s           2022-10-24T00:15:15
================================================================================
[2022-10-24T00:16:16.117+0000] {manager.py:846} INFO - 
================================================================================
DAG File Processing Stats

File Path                                           PID  Runtime      # DAGs    # Errors  Last Runtime    Last Run
------------------------------------------------  -----  ---------  --------  ----------  --------------  -------------------
/opt/airflow/dags/custom_dags/finance/Finance.py     45  0.00s             0           1  0.16s           2022-10-24T00:15:46
================================================================================
[2022-10-24T00:16:39.422+0000] {manager.py:724} INFO - Searching for files in /opt/airflow/dags
[2022-10-24T00:16:39.741+0000] {manager.py:727} INFO - There are 1 files in /opt/airflow/dags
[2022-10-24T00:16:46.815+0000] {manager.py:846} INFO - 
================================================================================
DAG File Processing Stats

File Path                                           PID  Runtime      # DAGs    # Errors  Last Runtime    Last Run
------------------------------------------------  -----  ---------  --------  ----------  --------------  -------------------
/opt/airflow/dags/custom_dags/finance/Finance.py     46  0.00s             0           1  0.16s           2022-10-24T00:16:16
================================================================================
[2022-10-24T00:17:17.069+0000] {manager.py:846} INFO - 
================================================================================
DAG File Processing Stats

File Path                                           PID  Runtime      # DAGs    # Errors  Last Runtime    Last Run
------------------------------------------------  -----  ---------  --------  ----------  --------------  -------------------
/opt/airflow/dags/custom_dags/finance/Finance.py     47  0.00s             0           1  0.17s           2022-10-24T00:16:46
================================================================================
[2022-10-24T00:17:47.447+0000] {manager.py:846} INFO - 
================================================================================
DAG File Processing Stats

File Path                                           PID  Runtime      # DAGs    # Errors  Last Runtime    Last Run
------------------------------------------------  -----  ---------  --------  ----------  --------------  -------------------
/opt/airflow/dags/custom_dags/finance/Finance.py     48  0.00s             0           1  0.16s           2022-10-24T00:17:17
================================================================================
[2022-10-24T00:18:17.697+0000] {manager.py:846} INFO - 
================================================================================
DAG File Processing Stats

File Path                                           PID  Runtime      # DAGs    # Errors  Last Runtime    Last Run
------------------------------------------------  -----  ---------  --------  ----------  --------------  -------------------
/opt/airflow/dags/custom_dags/finance/Finance.py     49  0.00s             0           1  0.16s           2022-10-24T00:17:47
================================================================================
[2022-10-24T00:18:48.063+0000] {manager.py:846} INFO - 
================================================================================
DAG File Processing Stats

File Path                                           PID  Runtime      # DAGs    # Errors  Last Runtime    Last Run
------------------------------------------------  -----  ---------  --------  ----------  --------------  -------------------
/opt/airflow/dags/custom_dags/finance/Finance.py     50  0.00s             0           1  0.18s           2022-10-24T00:18:17
================================================================================
[2022-10-24T00:19:18.333+0000] {manager.py:846} INFO - 
================================================================================
DAG File Processing Stats

File Path                                           PID  Runtime      # DAGs    # Errors  Last Runtime    Last Run
------------------------------------------------  -----  ---------  --------  ----------  --------------  -------------------
/opt/airflow/dags/custom_dags/finance/Finance.py     51  0.00s             0           1  0.15s           2022-10-24T00:18:48
================================================================================
[2022-10-24T00:19:48.672+0000] {manager.py:846} INFO - 
================================================================================
DAG File Processing Stats

File Path                                           PID  Runtime      # DAGs    # Errors  Last Runtime    Last Run
------------------------------------------------  -----  ---------  --------  ----------  --------------  -------------------
/opt/airflow/dags/custom_dags/finance/Finance.py     52  0.00s             0           1  0.17s           2022-10-24T00:19:18
================================================================================
[2022-10-24T00:20:18.961+0000] {manager.py:846} INFO - 
================================================================================
DAG File Processing Stats

File Path                                           PID  Runtime      # DAGs    # Errors  Last Runtime    Last Run
------------------------------------------------  -----  ---------  --------  ----------  --------------  -------------------
/opt/airflow/dags/custom_dags/finance/Finance.py     53  0.00s             0           1  0.17s           2022-10-24T00:19:48
================================================================================
[2022-10-24T00:20:49.306+0000] {manager.py:846} INFO - 
================================================================================
DAG File Processing Stats

File Path                                           PID  Runtime      # DAGs    # Errors  Last Runtime    Last Run
------------------------------------------------  -----  ---------  --------  ----------  --------------  -------------------
/opt/airflow/dags/custom_dags/finance/Finance.py     54  0.00s             0           1  0.17s           2022-10-24T00:20:19
================================================================================
[2022-10-24T00:21:19.585+0000] {manager.py:846} INFO - 
================================================================================
DAG File Processing Stats

File Path                                           PID  Runtime      # DAGs    # Errors  Last Runtime    Last Run
------------------------------------------------  -----  ---------  --------  ----------  --------------  -------------------
/opt/airflow/dags/custom_dags/finance/Finance.py     55  0.00s             0           1  0.16s           2022-10-24T00:20:49
================================================================================
[2022-10-24T00:21:39.838+0000] {manager.py:724} INFO - Searching for files in /opt/airflow/dags
[2022-10-24T00:21:40.147+0000] {manager.py:727} INFO - There are 1 files in /opt/airflow/dags
[2022-10-24T00:21:50.246+0000] {manager.py:846} INFO - 
================================================================================
DAG File Processing Stats

File Path                                           PID  Runtime      # DAGs    # Errors  Last Runtime    Last Run
------------------------------------------------  -----  ---------  --------  ----------  --------------  -------------------
/opt/airflow/dags/custom_dags/finance/Finance.py     56  0.00s             0           1  0.17s           2022-10-24T00:21:19
================================================================================
[2022-10-24T00:22:20.498+0000] {manager.py:846} INFO - 
================================================================================
DAG File Processing Stats

File Path                                           PID  Runtime      # DAGs    # Errors  Last Runtime    Last Run
------------------------------------------------  -----  ---------  --------  ----------  --------------  -------------------
/opt/airflow/dags/custom_dags/finance/Finance.py     57  0.00s             0           1  0.16s           2022-10-24T00:21:50
================================================================================
[2022-10-24T00:22:50.875+0000] {manager.py:846} INFO - 
================================================================================
DAG File Processing Stats

File Path                                           PID  Runtime      # DAGs    # Errors  Last Runtime    Last Run
------------------------------------------------  -----  ---------  --------  ----------  --------------  -------------------
/opt/airflow/dags/custom_dags/finance/Finance.py     58  0.00s             0           1  0.16s           2022-10-24T00:22:20
================================================================================
[2022-10-24T00:23:21.130+0000] {manager.py:846} INFO - 
================================================================================
DAG File Processing Stats

File Path                                           PID  Runtime      # DAGs    # Errors  Last Runtime    Last Run
------------------------------------------------  -----  ---------  --------  ----------  --------------  -------------------
/opt/airflow/dags/custom_dags/finance/Finance.py     59  0.00s             0           1  0.17s           2022-10-24T00:22:51
================================================================================
[2022-10-24T00:23:51.515+0000] {manager.py:846} INFO - 
================================================================================
DAG File Processing Stats

File Path                                           PID  Runtime      # DAGs    # Errors  Last Runtime    Last Run
------------------------------------------------  -----  ---------  --------  ----------  --------------  -------------------
/opt/airflow/dags/custom_dags/finance/Finance.py     60  0.00s             0           1  0.17s           2022-10-24T00:23:21
================================================================================
[2022-10-24T00:24:21.774+0000] {manager.py:846} INFO - 
================================================================================
DAG File Processing Stats

File Path                                           PID  Runtime      # DAGs    # Errors  Last Runtime    Last Run
------------------------------------------------  -----  ---------  --------  ----------  --------------  -------------------
/opt/airflow/dags/custom_dags/finance/Finance.py     61  0.00s             0           1  0.16s           2022-10-24T00:23:51
================================================================================
[2022-10-24T00:24:52.147+0000] {manager.py:846} INFO - 
================================================================================
DAG File Processing Stats

File Path                                           PID  Runtime      # DAGs    # Errors  Last Runtime    Last Run
------------------------------------------------  -----  ---------  --------  ----------  --------------  -------------------
/opt/airflow/dags/custom_dags/finance/Finance.py     62  0.00s             0           1  0.17s           2022-10-24T00:24:21
================================================================================
[2022-10-24T00:53:10.952+0000] {manager.py:724} INFO - Searching for files in /opt/airflow/dags
[2022-10-24T00:53:11.959+0000] {manager.py:727} INFO - There are 1 files in /opt/airflow/dags
[2022-10-24T00:53:22.372+0000] {manager.py:846} INFO - 
================================================================================
DAG File Processing Stats

File Path                                         PID    Runtime      # DAGs    # Errors  Last Runtime    Last Run
------------------------------------------------  -----  ---------  --------  ----------  --------------  -------------------
/opt/airflow/dags/custom_dags/finance/Finance.py                           0           1  0.42s           2022-10-24T00:53:12
================================================================================
[2022-10-24T00:44:32.648+0000] {manager.py:846} INFO - 
================================================================================
DAG File Processing Stats

File Path                                         PID    Runtime      # DAGs    # Errors  Last Runtime    Last Run
------------------------------------------------  -----  ---------  --------  ----------  --------------  -------------------
/opt/airflow/dags/custom_dags/finance/Finance.py                           0           1  0.42s           2022-10-24T00:53:12
================================================================================
[2022-10-24T00:45:02.879+0000] {manager.py:846} INFO - 
================================================================================
DAG File Processing Stats

File Path                                         PID    Runtime      # DAGs    # Errors  Last Runtime    Last Run
------------------------------------------------  -----  ---------  --------  ----------  --------------  -------------------
/opt/airflow/dags/custom_dags/finance/Finance.py                           0           1  0.42s           2022-10-24T00:53:12
================================================================================
[2022-10-24T00:45:33.155+0000] {manager.py:846} INFO - 
================================================================================
DAG File Processing Stats

File Path                                         PID    Runtime      # DAGs    # Errors  Last Runtime    Last Run
------------------------------------------------  -----  ---------  --------  ----------  --------------  -------------------
/opt/airflow/dags/custom_dags/finance/Finance.py                           0           1  0.42s           2022-10-24T00:53:12
================================================================================
[2022-10-24T00:46:03.488+0000] {manager.py:846} INFO - 
================================================================================
DAG File Processing Stats

File Path                                         PID    Runtime      # DAGs    # Errors  Last Runtime    Last Run
------------------------------------------------  -----  ---------  --------  ----------  --------------  -------------------
/opt/airflow/dags/custom_dags/finance/Finance.py                           0           1  0.42s           2022-10-24T00:53:12
================================================================================
[2022-10-24T00:46:33.785+0000] {manager.py:846} INFO - 
================================================================================
DAG File Processing Stats

File Path                                         PID    Runtime      # DAGs    # Errors  Last Runtime    Last Run
------------------------------------------------  -----  ---------  --------  ----------  --------------  -------------------
/opt/airflow/dags/custom_dags/finance/Finance.py                           0           1  0.42s           2022-10-24T00:53:12
================================================================================
[2022-10-24T00:46:51.634+0000] {manager.py:465} INFO - Exiting gracefully upon receiving signal 15
[2022-10-24T00:47:10.008+0000] {manager.py:483} INFO - Processing files using up to 2 processes at a time 
[2022-10-24T00:47:10.010+0000] {manager.py:484} INFO - Process each file at most once every 30 seconds
[2022-10-24T00:47:10.010+0000] {manager.py:486} INFO - Checking for new files in /opt/airflow/dags every 300 seconds
[2022-10-24T00:47:10.010+0000] {manager.py:724} INFO - Searching for files in /opt/airflow/dags
[2022-10-24T00:47:10.357+0000] {manager.py:727} INFO - There are 1 files in /opt/airflow/dags
[2022-10-24T00:47:10.491+0000] {manager.py:846} INFO - 
================================================================================
DAG File Processing Stats

File Path                                           PID  Runtime      # DAGs    # Errors  Last Runtime    Last Run
------------------------------------------------  -----  ---------  --------  ----------  --------------  ----------
/opt/airflow/dags/custom_dags/finance/Finance.py     27  0.02s             0           0
================================================================================
[2022-10-24T00:47:40.768+0000] {manager.py:846} INFO - 
================================================================================
DAG File Processing Stats

File Path                                           PID  Runtime      # DAGs    # Errors  Last Runtime    Last Run
------------------------------------------------  -----  ---------  --------  ----------  --------------  -------------------
/opt/airflow/dags/custom_dags/finance/Finance.py     28  0.00s             0           1  0.17s           2022-10-24T00:47:10
================================================================================
[2022-10-24T00:48:11.238+0000] {manager.py:846} INFO - 
================================================================================
DAG File Processing Stats

File Path                                           PID  Runtime      # DAGs    # Errors  Last Runtime    Last Run
------------------------------------------------  -----  ---------  --------  ----------  --------------  -------------------
/opt/airflow/dags/custom_dags/finance/Finance.py     29  0.00s             0           1  0.19s           2022-10-24T00:47:40
================================================================================
[2022-10-24T00:48:41.588+0000] {manager.py:846} INFO - 
================================================================================
DAG File Processing Stats

File Path                                           PID  Runtime      # DAGs    # Errors  Last Runtime    Last Run
------------------------------------------------  -----  ---------  --------  ----------  --------------  -------------------
/opt/airflow/dags/custom_dags/finance/Finance.py     30  0.00s             0           1  0.17s           2022-10-24T00:48:11
================================================================================
[2022-10-24T00:49:12.039+0000] {manager.py:846} INFO - 
================================================================================
DAG File Processing Stats

File Path                                           PID  Runtime      # DAGs    # Errors  Last Runtime    Last Run
------------------------------------------------  -----  ---------  --------  ----------  --------------  -------------------
/opt/airflow/dags/custom_dags/finance/Finance.py     31  0.01s             0           1  0.16s           2022-10-24T00:48:41
================================================================================
[2022-10-24T00:49:18.225+0000] {manager.py:465} INFO - Exiting gracefully upon receiving signal 15
[2022-10-24T00:51:29.229+0000] {manager.py:483} INFO - Processing files using up to 2 processes at a time 
[2022-10-24T00:51:29.231+0000] {manager.py:484} INFO - Process each file at most once every 30 seconds
[2022-10-24T00:51:29.232+0000] {manager.py:486} INFO - Checking for new files in /opt/airflow/{AIRFLOW_HOME}/dags every 300 seconds
[2022-10-24T00:51:29.233+0000] {manager.py:724} INFO - Searching for files in /opt/airflow/{AIRFLOW_HOME}/dags
[2022-10-24T00:51:29.235+0000] {manager.py:727} INFO - There are 0 files in /opt/airflow/{AIRFLOW_HOME}/dags
[2022-10-24T00:56:30.207+0000] {manager.py:724} INFO - Searching for files in /opt/airflow/{AIRFLOW_HOME}/dags
[2022-10-24T00:56:30.211+0000] {manager.py:727} INFO - There are 0 files in /opt/airflow/{AIRFLOW_HOME}/dags
[2022-10-24T01:01:31.132+0000] {manager.py:724} INFO - Searching for files in /opt/airflow/{AIRFLOW_HOME}/dags
[2022-10-24T01:01:31.137+0000] {manager.py:727} INFO - There are 0 files in /opt/airflow/{AIRFLOW_HOME}/dags
[2022-10-24T01:06:15.726+0000] {manager.py:465} INFO - Exiting gracefully upon receiving signal 15
[2022-10-31T15:31:08.995+0000] {manager.py:483} INFO - Processing files using up to 2 processes at a time 
[2022-10-31T15:31:09.001+0000] {manager.py:484} INFO - Process each file at most once every 30 seconds
[2022-10-31T15:31:09.001+0000] {manager.py:486} INFO - Checking for new files in /opt/airflow/{AIRFLOW_HOME}/dags every 300 seconds
[2022-10-31T15:31:09.002+0000] {manager.py:724} INFO - Searching for files in /opt/airflow/{AIRFLOW_HOME}/dags
[2022-10-31T15:31:09.003+0000] {manager.py:727} INFO - There are 0 files in /opt/airflow/{AIRFLOW_HOME}/dags
[2022-10-31T15:33:27.710+0000] {manager.py:465} INFO - Exiting gracefully upon receiving signal 15
[2022-10-31T15:39:34.908+0000] {manager.py:483} INFO - Processing files using up to 2 processes at a time 
[2022-10-31T15:39:34.909+0000] {manager.py:484} INFO - Process each file at most once every 30 seconds
[2022-10-31T15:39:34.909+0000] {manager.py:486} INFO - Checking for new files in /opt/airflow/{AIRFLOW_HOME}/dags every 300 seconds
[2022-10-31T15:39:34.910+0000] {manager.py:724} INFO - Searching for files in /opt/airflow/{AIRFLOW_HOME}/dags
[2022-10-31T15:39:34.911+0000] {manager.py:727} INFO - There are 0 files in /opt/airflow/{AIRFLOW_HOME}/dags
[2022-10-31T15:43:51.283+0000] {manager.py:465} INFO - Exiting gracefully upon receiving signal 15
[2022-10-31T15:44:29.646+0000] {manager.py:483} INFO - Processing files using up to 2 processes at a time 
[2022-10-31T15:44:29.647+0000] {manager.py:484} INFO - Process each file at most once every 30 seconds
[2022-10-31T15:44:29.648+0000] {manager.py:486} INFO - Checking for new files in /opt/airflow/{AIRFLOW_HOME}/dags every 300 seconds
[2022-10-31T15:44:29.648+0000] {manager.py:724} INFO - Searching for files in /opt/airflow/{AIRFLOW_HOME}/dags
[2022-10-31T15:44:29.649+0000] {manager.py:727} INFO - There are 0 files in /opt/airflow/{AIRFLOW_HOME}/dags
[2022-10-31T15:49:30.163+0000] {manager.py:724} INFO - Searching for files in /opt/airflow/{AIRFLOW_HOME}/dags
[2022-10-31T15:49:30.164+0000] {manager.py:727} INFO - There are 0 files in /opt/airflow/{AIRFLOW_HOME}/dags
[2022-10-31T15:54:30.756+0000] {manager.py:724} INFO - Searching for files in /opt/airflow/{AIRFLOW_HOME}/dags
[2022-10-31T15:54:30.759+0000] {manager.py:727} INFO - There are 0 files in /opt/airflow/{AIRFLOW_HOME}/dags
[2022-10-31T15:59:31.554+0000] {manager.py:724} INFO - Searching for files in /opt/airflow/{AIRFLOW_HOME}/dags
[2022-10-31T15:59:31.555+0000] {manager.py:727} INFO - There are 0 files in /opt/airflow/{AIRFLOW_HOME}/dags
[2022-10-31T16:04:31.558+0000] {manager.py:724} INFO - Searching for files in /opt/airflow/{AIRFLOW_HOME}/dags
[2022-10-31T16:04:31.560+0000] {manager.py:727} INFO - There are 0 files in /opt/airflow/{AIRFLOW_HOME}/dags
[2022-10-31T16:09:32.297+0000] {manager.py:724} INFO - Searching for files in /opt/airflow/{AIRFLOW_HOME}/dags
[2022-10-31T16:09:32.299+0000] {manager.py:727} INFO - There are 0 files in /opt/airflow/{AIRFLOW_HOME}/dags
[2022-10-31T16:14:32.808+0000] {manager.py:724} INFO - Searching for files in /opt/airflow/{AIRFLOW_HOME}/dags
[2022-10-31T16:14:32.810+0000] {manager.py:727} INFO - There are 0 files in /opt/airflow/{AIRFLOW_HOME}/dags
[2022-10-31T16:19:33.057+0000] {manager.py:724} INFO - Searching for files in /opt/airflow/{AIRFLOW_HOME}/dags
[2022-10-31T16:19:33.059+0000] {manager.py:727} INFO - There are 0 files in /opt/airflow/{AIRFLOW_HOME}/dags
[2022-10-31T16:24:33.299+0000] {manager.py:724} INFO - Searching for files in /opt/airflow/{AIRFLOW_HOME}/dags
[2022-10-31T16:24:33.301+0000] {manager.py:727} INFO - There are 0 files in /opt/airflow/{AIRFLOW_HOME}/dags
[2022-10-31T16:29:33.723+0000] {manager.py:724} INFO - Searching for files in /opt/airflow/{AIRFLOW_HOME}/dags
[2022-10-31T16:29:33.728+0000] {manager.py:727} INFO - There are 0 files in /opt/airflow/{AIRFLOW_HOME}/dags
[2022-10-31T16:34:34.091+0000] {manager.py:724} INFO - Searching for files in /opt/airflow/{AIRFLOW_HOME}/dags
[2022-10-31T16:34:34.095+0000] {manager.py:727} INFO - There are 0 files in /opt/airflow/{AIRFLOW_HOME}/dags
[2022-10-31T16:39:34.310+0000] {manager.py:724} INFO - Searching for files in /opt/airflow/{AIRFLOW_HOME}/dags
[2022-10-31T16:39:34.315+0000] {manager.py:727} INFO - There are 0 files in /opt/airflow/{AIRFLOW_HOME}/dags
[2022-10-31T16:44:34.669+0000] {manager.py:724} INFO - Searching for files in /opt/airflow/{AIRFLOW_HOME}/dags
[2022-10-31T16:44:34.674+0000] {manager.py:727} INFO - There are 0 files in /opt/airflow/{AIRFLOW_HOME}/dags
[2022-10-31T16:49:34.754+0000] {manager.py:724} INFO - Searching for files in /opt/airflow/{AIRFLOW_HOME}/dags
[2022-10-31T16:49:34.755+0000] {manager.py:727} INFO - There are 0 files in /opt/airflow/{AIRFLOW_HOME}/dags
[2022-10-31T16:54:35.323+0000] {manager.py:724} INFO - Searching for files in /opt/airflow/{AIRFLOW_HOME}/dags
[2022-10-31T16:54:35.326+0000] {manager.py:727} INFO - There are 0 files in /opt/airflow/{AIRFLOW_HOME}/dags
[2022-10-31T16:59:35.702+0000] {manager.py:724} INFO - Searching for files in /opt/airflow/{AIRFLOW_HOME}/dags
[2022-10-31T16:59:35.704+0000] {manager.py:727} INFO - There are 0 files in /opt/airflow/{AIRFLOW_HOME}/dags
[2022-10-31T17:04:36.002+0000] {manager.py:724} INFO - Searching for files in /opt/airflow/{AIRFLOW_HOME}/dags
[2022-10-31T17:04:36.004+0000] {manager.py:727} INFO - There are 0 files in /opt/airflow/{AIRFLOW_HOME}/dags
[2022-10-31T17:09:36.294+0000] {manager.py:724} INFO - Searching for files in /opt/airflow/{AIRFLOW_HOME}/dags
[2022-10-31T17:09:36.295+0000] {manager.py:727} INFO - There are 0 files in /opt/airflow/{AIRFLOW_HOME}/dags
[2022-10-31T17:14:36.678+0000] {manager.py:724} INFO - Searching for files in /opt/airflow/{AIRFLOW_HOME}/dags
[2022-10-31T17:14:36.679+0000] {manager.py:727} INFO - There are 0 files in /opt/airflow/{AIRFLOW_HOME}/dags
[2022-10-31T17:19:36.989+0000] {manager.py:724} INFO - Searching for files in /opt/airflow/{AIRFLOW_HOME}/dags
[2022-10-31T17:19:36.990+0000] {manager.py:727} INFO - There are 0 files in /opt/airflow/{AIRFLOW_HOME}/dags
[2022-10-31T17:24:37.313+0000] {manager.py:724} INFO - Searching for files in /opt/airflow/{AIRFLOW_HOME}/dags
[2022-10-31T17:24:37.315+0000] {manager.py:727} INFO - There are 0 files in /opt/airflow/{AIRFLOW_HOME}/dags
[2022-10-31T17:29:37.731+0000] {manager.py:724} INFO - Searching for files in /opt/airflow/{AIRFLOW_HOME}/dags
[2022-10-31T17:29:37.732+0000] {manager.py:727} INFO - There are 0 files in /opt/airflow/{AIRFLOW_HOME}/dags
[2022-10-31T17:34:38.069+0000] {manager.py:724} INFO - Searching for files in /opt/airflow/{AIRFLOW_HOME}/dags
[2022-10-31T17:34:38.070+0000] {manager.py:727} INFO - There are 0 files in /opt/airflow/{AIRFLOW_HOME}/dags
[2022-10-31T17:39:38.362+0000] {manager.py:724} INFO - Searching for files in /opt/airflow/{AIRFLOW_HOME}/dags
[2022-10-31T17:39:38.363+0000] {manager.py:727} INFO - There are 0 files in /opt/airflow/{AIRFLOW_HOME}/dags
[2022-10-31T17:44:38.746+0000] {manager.py:724} INFO - Searching for files in /opt/airflow/{AIRFLOW_HOME}/dags
[2022-10-31T17:44:38.747+0000] {manager.py:727} INFO - There are 0 files in /opt/airflow/{AIRFLOW_HOME}/dags
[2022-10-31T17:49:39.045+0000] {manager.py:724} INFO - Searching for files in /opt/airflow/{AIRFLOW_HOME}/dags
[2022-10-31T17:49:39.046+0000] {manager.py:727} INFO - There are 0 files in /opt/airflow/{AIRFLOW_HOME}/dags
[2022-10-31T17:54:39.397+0000] {manager.py:724} INFO - Searching for files in /opt/airflow/{AIRFLOW_HOME}/dags
[2022-10-31T17:54:39.398+0000] {manager.py:727} INFO - There are 0 files in /opt/airflow/{AIRFLOW_HOME}/dags
[2022-10-31T17:59:39.686+0000] {manager.py:724} INFO - Searching for files in /opt/airflow/{AIRFLOW_HOME}/dags
[2022-10-31T17:59:39.688+0000] {manager.py:727} INFO - There are 0 files in /opt/airflow/{AIRFLOW_HOME}/dags
[2022-10-31T18:04:40.065+0000] {manager.py:724} INFO - Searching for files in /opt/airflow/{AIRFLOW_HOME}/dags
[2022-10-31T18:04:40.067+0000] {manager.py:727} INFO - There are 0 files in /opt/airflow/{AIRFLOW_HOME}/dags
[2022-10-31T18:09:40.359+0000] {manager.py:724} INFO - Searching for files in /opt/airflow/{AIRFLOW_HOME}/dags
[2022-10-31T18:09:40.361+0000] {manager.py:727} INFO - There are 0 files in /opt/airflow/{AIRFLOW_HOME}/dags
[2022-10-31T18:14:40.745+0000] {manager.py:724} INFO - Searching for files in /opt/airflow/{AIRFLOW_HOME}/dags
[2022-10-31T18:14:40.746+0000] {manager.py:727} INFO - There are 0 files in /opt/airflow/{AIRFLOW_HOME}/dags
[2022-10-31T18:19:41.053+0000] {manager.py:724} INFO - Searching for files in /opt/airflow/{AIRFLOW_HOME}/dags
[2022-10-31T18:19:41.054+0000] {manager.py:727} INFO - There are 0 files in /opt/airflow/{AIRFLOW_HOME}/dags
[2022-10-31T18:24:41.346+0000] {manager.py:724} INFO - Searching for files in /opt/airflow/{AIRFLOW_HOME}/dags
[2022-10-31T18:24:41.347+0000] {manager.py:727} INFO - There are 0 files in /opt/airflow/{AIRFLOW_HOME}/dags
[2022-10-31T18:29:41.635+0000] {manager.py:724} INFO - Searching for files in /opt/airflow/{AIRFLOW_HOME}/dags
[2022-10-31T18:29:41.637+0000] {manager.py:727} INFO - There are 0 files in /opt/airflow/{AIRFLOW_HOME}/dags
[2022-10-31T18:34:41.934+0000] {manager.py:724} INFO - Searching for files in /opt/airflow/{AIRFLOW_HOME}/dags
[2022-10-31T18:34:41.936+0000] {manager.py:727} INFO - There are 0 files in /opt/airflow/{AIRFLOW_HOME}/dags
[2022-10-31T18:39:42.345+0000] {manager.py:724} INFO - Searching for files in /opt/airflow/{AIRFLOW_HOME}/dags
[2022-10-31T18:39:42.346+0000] {manager.py:727} INFO - There are 0 files in /opt/airflow/{AIRFLOW_HOME}/dags
[2022-10-31T18:44:43.083+0000] {manager.py:724} INFO - Searching for files in /opt/airflow/{AIRFLOW_HOME}/dags
[2022-10-31T18:44:43.086+0000] {manager.py:727} INFO - There are 0 files in /opt/airflow/{AIRFLOW_HOME}/dags
[2022-10-31T18:49:43.759+0000] {manager.py:724} INFO - Searching for files in /opt/airflow/{AIRFLOW_HOME}/dags
[2022-10-31T18:49:43.761+0000] {manager.py:727} INFO - There are 0 files in /opt/airflow/{AIRFLOW_HOME}/dags
[2022-10-31T18:54:44.382+0000] {manager.py:724} INFO - Searching for files in /opt/airflow/{AIRFLOW_HOME}/dags
[2022-10-31T18:54:44.385+0000] {manager.py:727} INFO - There are 0 files in /opt/airflow/{AIRFLOW_HOME}/dags
[2022-10-31T18:59:45.366+0000] {manager.py:724} INFO - Searching for files in /opt/airflow/{AIRFLOW_HOME}/dags
[2022-10-31T18:59:45.370+0000] {manager.py:727} INFO - There are 0 files in /opt/airflow/{AIRFLOW_HOME}/dags
[2022-10-31T19:04:45.908+0000] {manager.py:724} INFO - Searching for files in /opt/airflow/{AIRFLOW_HOME}/dags
[2022-10-31T19:04:45.910+0000] {manager.py:727} INFO - There are 0 files in /opt/airflow/{AIRFLOW_HOME}/dags
[2022-10-31T19:09:46.377+0000] {manager.py:724} INFO - Searching for files in /opt/airflow/{AIRFLOW_HOME}/dags
[2022-10-31T19:09:46.378+0000] {manager.py:727} INFO - There are 0 files in /opt/airflow/{AIRFLOW_HOME}/dags
[2022-10-31T19:14:47.082+0000] {manager.py:724} INFO - Searching for files in /opt/airflow/{AIRFLOW_HOME}/dags
[2022-10-31T19:14:47.085+0000] {manager.py:727} INFO - There are 0 files in /opt/airflow/{AIRFLOW_HOME}/dags
[2022-10-31T19:19:47.319+0000] {manager.py:724} INFO - Searching for files in /opt/airflow/{AIRFLOW_HOME}/dags
[2022-10-31T19:19:47.324+0000] {manager.py:727} INFO - There are 0 files in /opt/airflow/{AIRFLOW_HOME}/dags
[2022-10-31T19:24:47.518+0000] {manager.py:724} INFO - Searching for files in /opt/airflow/{AIRFLOW_HOME}/dags
[2022-10-31T19:24:47.520+0000] {manager.py:727} INFO - There are 0 files in /opt/airflow/{AIRFLOW_HOME}/dags
[2022-10-31T19:29:47.724+0000] {manager.py:724} INFO - Searching for files in /opt/airflow/{AIRFLOW_HOME}/dags
[2022-10-31T19:29:47.726+0000] {manager.py:727} INFO - There are 0 files in /opt/airflow/{AIRFLOW_HOME}/dags
[2022-10-31T19:34:48.174+0000] {manager.py:724} INFO - Searching for files in /opt/airflow/{AIRFLOW_HOME}/dags
[2022-10-31T19:34:48.176+0000] {manager.py:727} INFO - There are 0 files in /opt/airflow/{AIRFLOW_HOME}/dags
[2022-10-31T19:39:49.012+0000] {manager.py:724} INFO - Searching for files in /opt/airflow/{AIRFLOW_HOME}/dags
[2022-10-31T19:39:49.016+0000] {manager.py:727} INFO - There are 0 files in /opt/airflow/{AIRFLOW_HOME}/dags
[2022-10-31T19:44:49.032+0000] {manager.py:724} INFO - Searching for files in /opt/airflow/{AIRFLOW_HOME}/dags
[2022-10-31T19:44:49.036+0000] {manager.py:727} INFO - There are 0 files in /opt/airflow/{AIRFLOW_HOME}/dags
[2022-10-31T19:49:49.758+0000] {manager.py:724} INFO - Searching for files in /opt/airflow/{AIRFLOW_HOME}/dags
[2022-10-31T19:49:49.759+0000] {manager.py:727} INFO - There are 0 files in /opt/airflow/{AIRFLOW_HOME}/dags
[2022-10-31T19:54:49.769+0000] {manager.py:724} INFO - Searching for files in /opt/airflow/{AIRFLOW_HOME}/dags
[2022-10-31T19:54:49.770+0000] {manager.py:727} INFO - There are 0 files in /opt/airflow/{AIRFLOW_HOME}/dags
[2022-10-31T19:59:50.601+0000] {manager.py:724} INFO - Searching for files in /opt/airflow/{AIRFLOW_HOME}/dags
[2022-10-31T19:59:50.605+0000] {manager.py:727} INFO - There are 0 files in /opt/airflow/{AIRFLOW_HOME}/dags
[2022-10-31T20:04:51.099+0000] {manager.py:724} INFO - Searching for files in /opt/airflow/{AIRFLOW_HOME}/dags
[2022-10-31T20:04:51.101+0000] {manager.py:727} INFO - There are 0 files in /opt/airflow/{AIRFLOW_HOME}/dags
[2022-10-31T20:09:51.453+0000] {manager.py:724} INFO - Searching for files in /opt/airflow/{AIRFLOW_HOME}/dags
[2022-10-31T20:09:51.455+0000] {manager.py:727} INFO - There are 0 files in /opt/airflow/{AIRFLOW_HOME}/dags
[2022-10-31T20:14:51.909+0000] {manager.py:724} INFO - Searching for files in /opt/airflow/{AIRFLOW_HOME}/dags
[2022-10-31T20:14:51.911+0000] {manager.py:727} INFO - There are 0 files in /opt/airflow/{AIRFLOW_HOME}/dags
[2022-10-31T20:19:52.271+0000] {manager.py:724} INFO - Searching for files in /opt/airflow/{AIRFLOW_HOME}/dags
[2022-10-31T20:19:52.272+0000] {manager.py:727} INFO - There are 0 files in /opt/airflow/{AIRFLOW_HOME}/dags
[2022-10-31T20:24:52.611+0000] {manager.py:724} INFO - Searching for files in /opt/airflow/{AIRFLOW_HOME}/dags
[2022-10-31T20:24:52.613+0000] {manager.py:727} INFO - There are 0 files in /opt/airflow/{AIRFLOW_HOME}/dags
[2022-10-31T20:29:52.977+0000] {manager.py:724} INFO - Searching for files in /opt/airflow/{AIRFLOW_HOME}/dags
[2022-10-31T20:29:52.978+0000] {manager.py:727} INFO - There are 0 files in /opt/airflow/{AIRFLOW_HOME}/dags
[2022-10-31T20:34:53.374+0000] {manager.py:724} INFO - Searching for files in /opt/airflow/{AIRFLOW_HOME}/dags
[2022-10-31T20:34:53.376+0000] {manager.py:727} INFO - There are 0 files in /opt/airflow/{AIRFLOW_HOME}/dags
[2022-10-31T20:38:10.609+0000] {manager.py:465} INFO - Exiting gracefully upon receiving signal 15
